<?xml version="1.0" encoding="UTF-8"?>
<testng-results ignored="0" total="1" passed="1" failed="0" skipped="0">
  <reporter-output>
  </reporter-output>
  <suite started-at="2022-11-27T02:32:35 IST" name="Suite" finished-at="2022-11-27T02:33:18 IST" duration-ms="42557">
    <groups>
    </groups>
    <test started-at="2022-11-27T02:32:35 IST" name="Test" finished-at="2022-11-27T02:33:18 IST" duration-ms="42557">
      <class name="tests.LoginTest">
        <test-method is-config="true" signature="init()[pri:0, instance:tests.LoginTest@384ad17b]" started-at="2022-11-27T02:32:35 IST" name="init" finished-at="2022-11-27T02:33:11 IST" duration-ms="35845" status="PASS">
          <reporter-output>
          </reporter-output>
        </test-method> <!-- init -->
        <test-method signature="VerifyLogin()[pri:0, instance:tests.LoginTest@384ad17b]" started-at="2022-11-27T02:33:12 IST" name="VerifyLogin" finished-at="2022-11-27T02:33:16 IST" duration-ms="4225" status="PASS">
          <reporter-output>
          </reporter-output>
        </test-method> <!-- VerifyLogin -->
        <test-method is-config="true" signature="tearDown()[pri:0, instance:tests.LoginTest@384ad17b]" started-at="2022-11-27T02:33:16 IST" name="tearDown" finished-at="2022-11-27T02:33:18 IST" duration-ms="1868" status="PASS">
          <reporter-output>
          </reporter-output>
        </test-method> <!-- tearDown -->
      </class> <!-- tests.LoginTest -->
    </test> <!-- Test -->
  </suite> <!-- Suite -->
</testng-results>
