<?xml version="1.0" encoding="UTF-8"?>
<testng-results ignored="0" total="1" passed="1" failed="0" skipped="0">
  <reporter-output>
  </reporter-output>
  <suite started-at="2022-11-26T22:33:21 IST" name="Default suite" finished-at="2022-11-26T22:33:27 IST" duration-ms="6490">
    <groups>
    </groups>
    <test started-at="2022-11-26T22:33:21 IST" name="Default test" finished-at="2022-11-26T22:33:27 IST" duration-ms="6490">
      <class name="tests.LoginTest">
        <test-method is-config="true" signature="init()[pri:0, instance:tests.LoginTest@351d00c0]" started-at="2022-11-26T22:33:21 IST" name="init" finished-at="2022-11-26T22:33:27 IST" duration-ms="6068" status="PASS">
          <reporter-output>
          </reporter-output>
        </test-method> <!-- init -->
        <test-method signature="VerifyLogin()[pri:0, instance:tests.LoginTest@351d00c0]" started-at="2022-11-26T22:33:27 IST" name="VerifyLogin" finished-at="2022-11-26T22:33:27 IST" duration-ms="371" status="PASS">
          <reporter-output>
          </reporter-output>
        </test-method> <!-- VerifyLogin -->
      </class> <!-- tests.LoginTest -->
    </test> <!-- Default test -->
  </suite> <!-- Default suite -->
</testng-results>
